<?xml version="1.0" encoding="UTF-8"?>
<!-- Generated by org.testng.reporters.JUnitReportReporter -->
<testsuite hostname="Sunitas-MacBook-Air.local" failures="0" tests="3" name="test.cases.TestNG" time="0.015" errors="0" timestamp="26 Mar 2020 13:23:43 GMT">
  <testcase classname="test.cases.TestNG" name="TC02" time="0.004"/>
  <testcase classname="test.cases.TestNG" name="TC03" time="0.003"/>
  <testcase classname="test.cases.TestNG" name="TC01" time="0.008"/>
</testsuite> <!-- test.cases.TestNG -->
