<?xml version="1.0" encoding="UTF-8"?>
<!-- Generated by org.testng.reporters.JUnitReportReporter -->
<testsuite hostname="Sunitas-MacBook-Air.local" failures="0" tests="3" name="test.cases.TestNG" time="0.017" errors="0" timestamp="7 Apr 2020 17:10:01 GMT">
  <testcase classname="test.cases.TestNG" name="TC02" time="0.001"/>
  <testcase classname="test.cases.TestNG" name="TC03" time="0.013"/>
  <testcase classname="test.cases.TestNG" name="TC01" time="0.003"/>
</testsuite> <!-- test.cases.TestNG -->
