<?xml version="1.0" encoding="UTF-8"?>
<!-- Generated by org.testng.reporters.JUnitReportReporter -->
<testsuite hostname="Sunitas-MacBook-Air.local" failures="0" tests="3" name="test.cases.TestNG" time="0.005" errors="0" timestamp="26 Mar 2020 14:46:29 GMT">
  <testcase classname="test.cases.TestNG" name="TC02" time="0.001"/>
  <testcase classname="test.cases.TestNG" name="TC01" time="0.002"/>
  <testcase classname="test.cases.TestNG" name="TC03" time="0.002"/>
</testsuite> <!-- test.cases.TestNG -->
